UdpTransportReadThread::run: entering main service loop.
UdpTransportReadThread::run: entering a recv on the socket.
UdpTransportReadThread::run: no bytes to read. Proceeding to next wait
-------------2024-08-15_20-02-13-------------
.camera.hertz: 40.000000
.camera.path: /dev/oak2d
.camera.thread: OFF
.controller.hertz: 10.000000
.controller.thread: ON
.emlid.hertz: 30.000000
.emlid.path.back.path: /dev/m2_back
.emlid.path.front.path: /dev/m2_front
.emlid.thread: ON
.id: 0
.keyboard.hertz: 20.000000
.keyboard.thread: OFF
.killswitch.address: 127.0.0.1:15001
.lidar.hertz: 0.250000
.lidar.thread: OFF
.main.address: 127.0.0.1:15000
.max.angular.speed: 127
.max.linear.speed: 127
.output.hertz: 1.000000
.output.thread: OFF
.rc.hertz: 30.000000
.rc.path: /dev/radiomaster
.rc.thread: ON
.roboclaw.hertz: 30.000000
.roboclaw.path: /dev/roboclaw
.roboclaw.thread: ON
agent0.camera_hertz: 40.000000
agent0.camera_path: /dev/oak2d
agent0.camera_thread: OFF
agent0.control_mode: 0
agent0.controller_hertz: 10.000000
agent0.controller_thread: ON
agent0.debug_mode: 0
agent0.emlid_back_path: /dev/m2_back
agent0.emlid_front_path: /dev/m2_front
agent0.emlid_hertz: 30.000000
agent0.emlid_thread: ON
agent0.end_mission: 1
agent0.horizontal_percentage: 0.000000
agent0.is_emlid_initialized: 0
agent0.is_finalized: 0
agent0.is_front_camera_initialized: 0
agent0.is_moving: 0
agent0.is_remote_initialized: 0
agent0.is_roboclaw_initialized: 0
agent0.keyboard_hertz: 20.000000
agent0.keyboard_thread: OFF
agent0.kill_switch: 0
agent0.max_angular_speed: 127.000000
agent0.max_linear_speed: 127.000000
agent0.mode_switch: 0
agent0.output_hertz: 1.000000
agent0.output_thread: OFF
agent0.pose_error_heading: 0.000000
agent0.pose_error_position: 0.000000
agent0.rc_hertz: 30.000000
agent0.rc_path: /dev/radiomaster
agent0.rc_thread: ON
agent0.roboclaw_hertz: 30.000000
agent0.roboclaw_path: /dev/roboclaw
agent0.roboclaw_thread: ON
agent0.sensor.enabled: 1
agent0.terminate_program: 0
agent0.vertical_percentage: 0.000000
agent0.waypoint_index: 0
agent{.id}.back.altitude: 0.000000
agent{.id}.back.angular_velocity: 0.000000
agent{.id}.back.heading: 0.000000
agent{.id}.back.latitude: 0.000000
agent{.id}.back.longitude: 0.000000
agent{.id}.back.position_velocity: 0.000000
agent{.id}.back.relative_altitude: 0.000000
agent{.id}.front.altitude: 0.000000
agent{.id}.front.angular_velocity: 0.000000
agent{.id}.front.heading: 0.000000
agent{.id}.front.latitude: 0.000000
agent{.id}.front.longitude: 0.000000
agent{.id}.front.minimum_safety_front: 200.000000
agent{.id}.front.position_velocity: 0.000000
agent{.id}.front.relative_altitude: 0.000000
agent{.id}.ready: 1
agent{.id}.sensor.enabled: 0
UdpTransportReadThread::run: entering main service loop.
UdpTransportReadThread::run: entering a recv on the socket.
UdpTransportReadThread::run: no bytes to read. Proceeding to next wait
-------------2024-08-15_20-02-14-------------
.camera.hertz: 40.000000
.camera.path: /dev/oak2d
.camera.thread: OFF
.controller.hertz: 10.000000
.controller.thread: ON
.emlid.hertz: 30.000000
.emlid.path.back.path: /dev/m2_back
.emlid.path.front.path: /dev/m2_front
.emlid.thread: ON
.id: 0
.keyboard.hertz: 20.000000
.keyboard.thread: OFF
.killswitch.address: 127.0.0.1:15001
.lidar.hertz: 0.250000
.lidar.thread: OFF
.main.address: 127.0.0.1:15000
.max.angular.speed: 127
.max.linear.speed: 127
.output.hertz: 1.000000
.output.thread: OFF
.rc.hertz: 30.000000
.rc.path: /dev/radiomaster
.rc.thread: ON
.roboclaw.hertz: 30.000000
.roboclaw.path: /dev/roboclaw
.roboclaw.thread: ON
agent0.camera_hertz: 40.000000
agent0.camera_path: /dev/oak2d
agent0.camera_thread: OFF
agent0.control_mode: 0
agent0.controller_hertz: 10.000000
agent0.controller_thread: ON
agent0.debug_mode: 0
agent0.emlid_back_path: /dev/m2_back
agent0.emlid_front_path: /dev/m2_front
agent0.emlid_hertz: 30.000000
agent0.emlid_thread: ON
agent0.end_mission: 1
agent0.horizontal_percentage: 0.000000
agent0.is_emlid_initialized: 0
agent0.is_finalized: 0
agent0.is_front_camera_initialized: 0
agent0.is_moving: 0
agent0.is_remote_initialized: 0
agent0.is_roboclaw_initialized: 0
agent0.keyboard_hertz: 20.000000
agent0.keyboard_thread: OFF
agent0.kill_switch: 0
agent0.max_angular_speed: 127.000000
agent0.max_linear_speed: 127.000000
agent0.mode_switch: 0
agent0.output_hertz: 1.000000
agent0.output_thread: OFF
agent0.pose_error_heading: 0.000000
agent0.pose_error_position: 0.000000
agent0.rc_hertz: 30.000000
agent0.rc_path: /dev/radiomaster
agent0.rc_thread: ON
agent0.roboclaw_hertz: 30.000000
agent0.roboclaw_path: /dev/roboclaw
agent0.roboclaw_thread: ON
agent0.sensor.enabled: 1
agent0.terminate_program: 0
agent0.vertical_percentage: 0.000000
agent0.waypoint_index: 0
agent{.id}.back.altitude: 0.000000
agent{.id}.back.angular_velocity: 0.000000
agent{.id}.back.heading: 0.000000
agent{.id}.back.latitude: 0.000000
agent{.id}.back.longitude: 0.000000
agent{.id}.back.position_velocity: 0.000000
agent{.id}.back.relative_altitude: 0.000000
agent{.id}.front.altitude: 0.000000
agent{.id}.front.angular_velocity: 0.000000
agent{.id}.front.heading: 0.000000
agent{.id}.front.latitude: 0.000000
agent{.id}.front.longitude: 0.000000
agent{.id}.front.minimum_safety_front: 200.000000
agent{.id}.front.position_velocity: 0.000000
agent{.id}.front.relative_altitude: 0.000000
agent{.id}.ready: 1
agent{.id}.sensor.enabled: 0
-------------2024-08-15_20-02-15-------------
.camera.hertz: 40.000000
.camera.path: /dev/oak2d
.camera.thread: OFF
.controller.hertz: 10.000000
.controller.thread: ON
.emlid.hertz: 30.000000
.emlid.path.back.path: /dev/m2_back
.emlid.path.front.path: /dev/m2_front
.emlid.thread: ON
.id: 0
.keyboard.hertz: 20.000000
.keyboard.thread: OFF
.killswitch.address: 127.0.0.1:15001
.lidar.hertz: 0.250000
.lidar.thread: OFF
.main.address: 127.0.0.1:15000
.max.angular.speed: 127
.max.linear.speed: 127
.output.hertz: 1.000000
.output.thread: OFF
.rc.hertz: 30.000000
.rc.path: /dev/radiomaster
.rc.thread: ON
.roboclaw.hertz: 30.000000
.roboclaw.path: /dev/roboclaw
.roboclaw.thread: ON
agent0.camera_hertz: 40.000000
agent0.camera_path: /dev/oak2d
agent0.camera_thread: OFF
agent0.control_mode: 0
agent0.controller_hertz: 10.000000
agent0.controller_thread: ON
agent0.debug_mode: 0
agent0.emlid_back_path: /dev/m2_back
agent0.emlid_front_path: /dev/m2_front
agent0.emlid_hertz: 30.000000
agent0.emlid_thread: ON
agent0.end_mission: 1
agent0.horizontal_percentage: 0.000000
agent0.is_emlid_initialized: 0
agent0.is_finalized: 0
agent0.is_front_camera_initialized: 0
agent0.is_moving: 0
agent0.is_remote_initialized: 0
agent0.is_roboclaw_initialized: 0
agent0.keyboard_hertz: 20.000000
agent0.keyboard_thread: OFF
agent0.kill_switch: 0
agent0.max_angular_speed: 127.000000
agent0.max_linear_speed: 127.000000
agent0.mode_switch: 0
agent0.output_hertz: 1.000000
agent0.output_thread: OFF
agent0.pose_error_heading: 0.000000
agent0.pose_error_position: 0.000000
agent0.rc_hertz: 30.000000
agent0.rc_path: /dev/radiomaster
agent0.rc_thread: ON
agent0.roboclaw_hertz: 30.000000
agent0.roboclaw_path: /dev/roboclaw
agent0.roboclaw_thread: ON
agent0.sensor.enabled: 1
agent0.terminate_program: 0
agent0.vertical_percentage: 0.000000
agent0.waypoint_index: 0
agent{.id}.back.altitude: 1.000000
agent{.id}.back.angular_velocity: 0.000000
agent{.id}.back.heading: 0.000000
agent{.id}.back.latitude: 0.000000
agent{.id}.back.longitude: 5.000000
agent{.id}.back.position_velocity: 0.000000
agent{.id}.back.relative_altitude: 0.000000
agent{.id}.front.altitude: 0.000000
agent{.id}.front.angular_velocity: 0.000000
agent{.id}.front.heading: 0.000000
agent{.id}.front.latitude: 0.000000
agent{.id}.front.longitude: 0.000000
agent{.id}.front.minimum_safety_front: 200.000000
agent{.id}.front.position_velocity: 0.000000
agent{.id}.front.relative_altitude: 0.000000
agent{.id}.ready: 1
agent{.id}.sensor.enabled: 0
